<?xml version="1.0" encoding="UTF-8"?>
<!-- Generated by org.testng.reporters.JUnitReportReporter -->
<testsuite name="Testing.SignUpTest" tests="3" time="47.880" ignored="0" failures="0" timestamp="27 أبر 2017 11:39:07 GMT" skipped="0" hostname="Mahmoud-PC" errors="0">
  <testcase name="SignUpTest1" time="15.480" classname="Testing.SignUpTest"/>
  <testcase name="SignUpTest2" time="16.977" classname="Testing.SignUpTest"/>
  <testcase name="SignUpTest3" time="15.423" classname="Testing.SignUpTest"/>
</testsuite> <!-- Testing.SignUpTest -->
