<?xml version="1.0" encoding="UTF-8"?>
<!-- Generated by org.testng.reporters.JUnitReportReporter -->
<testsuite name="Testing.SignUpTest" tests="3" time="67.099" ignored="0" failures="0" timestamp="03 ماي 2017 14:31:35 GMT" skipped="0" hostname="Mahmoud-PC" errors="0">
  <testcase name="SignUpTest2" time="17.676" classname="Testing.SignUpTest"/>
  <testcase name="SignUpTest3" time="21.494" classname="Testing.SignUpTest"/>
  <testcase name="SignUpTest1" time="27.929" classname="Testing.SignUpTest"/>
</testsuite> <!-- Testing.SignUpTest -->
