<?xml version="1.0" encoding="UTF-8"?>
<!-- Generated by org.testng.reporters.JUnitReportReporter -->
<testsuite name="Testing.CreateGame" tests="2" time="40.708" ignored="0" failures="0" timestamp="27 أبر 2017 14:30:18 GMT" skipped="0" hostname="Mahmoud-PC" errors="0">
  <testcase name="CreateGameTest2" time="16.997" classname="Testing.CreateGame"/>
  <testcase name="CreateGameTest1" time="23.711" classname="Testing.CreateGame"/>
</testsuite> <!-- Testing.CreateGame -->
